<?xml version="1.0" encoding="UTF-8"?>
<!-- Generated by org.testng.reporters.JUnitReportReporter -->
<testsuite hostname="N7076" failures="0" tests="3" name="com.silverlake.test.ZDemo1Test" time="0.013" errors="0" timestamp="2024-07-11T15:42:54 MYT" skipped="0">
  <testcase classname="com.silverlake.test.ZDemo1Test" name="demoValidTest" time="0.001"/>
  <testcase classname="com.silverlake.test.ZDemo1Test" name="demoValidTest" time="0.010"/>
  <testcase classname="com.silverlake.test.ZDemo1Test" name="demoValidTest" time="0.002"/>
</testsuite> <!-- com.silverlake.test.ZDemo1Test -->
