<?xml version="1.0" encoding="UTF-8"?>
<!-- Generated by org.testng.reporters.JUnitReportReporter -->
<testsuite hostname="N7076" failures="0" tests="2" name="com.silverlake.test.LoginUITest" time="9.932" errors="0" timestamp="2024-07-11T14:32:38 MYT" skipped="0">
  <testcase classname="com.silverlake.test.LoginUITest" name="titleTest" time="4.561"/>
  <testcase classname="com.silverlake.test.LoginUITest" name="applicationDescriptionTest" time="5.371"/>
</testsuite> <!-- com.silverlake.test.LoginUITest -->
