<?xml version="1.0" encoding="UTF-8"?>
<!-- Generated by org.testng.reporters.JUnitReportReporter -->
<testsuite hostname="N7076" failures="0" tests="3" name="com.silverlake.test.ZDemo1Test" time="0.001" errors="0" timestamp="2024-07-12T17:06:12 SGT" skipped="0">
  <testcase classname="com.silverlake.test.ZDemo1Test" name="demoValidTest" time="0.001"/>
  <testcase classname="com.silverlake.test.ZDemo1Test" name="demoValidTest" time="0.000"/>
  <testcase classname="com.silverlake.test.ZDemo1Test" name="demoValidTest" time="0.000"/>
</testsuite> <!-- com.silverlake.test.ZDemo1Test -->
