<?xml version="1.0" encoding="UTF-8"?>
<!-- Generated by org.testng.reporters.JUnitReportReporter -->
<testsuite hostname="N7076" failures="0" tests="2" name="com.silverlake.test.LoginUITest" time="13.286" errors="0" timestamp="2024-07-12T17:06:12 SGT" skipped="0">
  <testcase classname="com.silverlake.test.LoginUITest" name="applicationDescriptionTest" time="7.122"/>
  <testcase classname="com.silverlake.test.LoginUITest" name="titleTest" time="6.164"/>
</testsuite> <!-- com.silverlake.test.LoginUITest -->
